mode: set
internship_project/controllers/companyController.go:17.94,19.16 2 1
internship_project/controllers/companyController.go:23.2,24.38 2 1
internship_project/controllers/companyController.go:19.16,22.3 2 1
internship_project/controllers/companyController.go:27.93,31.16 3 1
internship_project/controllers/companyController.go:35.2,36.36 2 1
internship_project/controllers/companyController.go:31.16,34.3 2 1
internship_project/controllers/companyController.go:39.89,43.16 4 1
internship_project/controllers/companyController.go:47.2,48.39 2 1
internship_project/controllers/companyController.go:43.16,46.3 2 1
internship_project/controllers/companyController.go:51.92,57.16 4 1
internship_project/controllers/companyController.go:61.2,62.42 2 1
internship_project/controllers/companyController.go:57.16,60.3 2 1
internship_project/controllers/companyController.go:65.92,70.16 3 1
internship_project/controllers/companyController.go:74.2,74.20 1 1
internship_project/controllers/companyController.go:70.16,73.3 2 1
internship_project/controllers/companyController.go:77.124,83.16 4 1
internship_project/controllers/companyController.go:87.2,87.20 1 1
internship_project/controllers/companyController.go:83.16,86.3 2 1
internship_project/controllers/constraintController.go:17.99,19.16 2 1
internship_project/controllers/constraintController.go:23.2,24.40 2 1
internship_project/controllers/constraintController.go:19.16,22.3 2 1
internship_project/controllers/constraintController.go:27.99,31.16 3 1
internship_project/controllers/constraintController.go:35.2,36.39 2 1
internship_project/controllers/constraintController.go:31.16,34.3 2 1
internship_project/controllers/constraintController.go:39.95,43.16 4 1
internship_project/controllers/constraintController.go:47.2,48.42 2 1
internship_project/controllers/constraintController.go:43.16,46.3 2 1
internship_project/controllers/constraintController.go:51.98,57.16 4 1
internship_project/controllers/constraintController.go:61.2,62.45 2 1
internship_project/controllers/constraintController.go:57.16,60.3 2 1
internship_project/controllers/constraintController.go:66.98,71.16 3 1
internship_project/controllers/constraintController.go:75.2,75.20 1 1
internship_project/controllers/constraintController.go:71.16,74.3 2 1
internship_project/controllers/employeeController.go:19.95,23.16 3 1
internship_project/controllers/employeeController.go:28.2,30.41 2 1
internship_project/controllers/employeeController.go:23.16,26.3 2 1
internship_project/controllers/employeeController.go:34.94,40.16 4 1
internship_project/controllers/employeeController.go:45.2,47.40 3 1
internship_project/controllers/employeeController.go:40.16,43.3 2 1
internship_project/controllers/employeeController.go:51.95,57.16 4 1
internship_project/controllers/employeeController.go:62.2,64.37 2 1
internship_project/controllers/employeeController.go:57.16,60.3 2 1
internship_project/controllers/employeeController.go:68.94,74.16 4 1
internship_project/controllers/employeeController.go:78.2,78.20 1 1
internship_project/controllers/employeeController.go:74.16,77.3 2 1
internship_project/controllers/employeeController.go:82.94,87.16 3 1
internship_project/controllers/employeeController.go:91.2,91.20 1 1
internship_project/controllers/employeeController.go:87.16,90.3 2 1
internship_project/controllers/externalRightController.go:17.95,19.16 2 1
internship_project/controllers/externalRightController.go:23.2,24.33 2 1
internship_project/controllers/externalRightController.go:19.16,22.3 2 1
internship_project/controllers/externalRightController.go:27.95,31.16 3 1
internship_project/controllers/externalRightController.go:35.2,36.32 2 1
internship_project/controllers/externalRightController.go:31.16,34.3 2 1
internship_project/controllers/externalRightController.go:39.91,43.16 4 1
internship_project/controllers/externalRightController.go:47.2,48.35 2 1
internship_project/controllers/externalRightController.go:43.16,46.3 2 1
internship_project/controllers/externalRightController.go:51.94,57.16 4 1
internship_project/controllers/externalRightController.go:61.2,62.38 2 1
internship_project/controllers/externalRightController.go:57.16,60.3 2 1
internship_project/controllers/externalRightController.go:65.94,70.16 3 1
internship_project/controllers/externalRightController.go:74.2,74.20 1 1
internship_project/controllers/externalRightController.go:70.16,73.3 2 1
internship_project/controllers/productController.go:17.93,20.16 3 1
internship_project/controllers/productController.go:24.2,25.37 2 1
internship_project/controllers/productController.go:20.16,23.3 2 1
internship_project/controllers/productController.go:28.93,34.16 4 1
internship_project/controllers/productController.go:38.2,39.36 2 1
internship_project/controllers/productController.go:34.16,37.3 2 1
internship_project/controllers/productController.go:42.89,48.16 5 1
internship_project/controllers/productController.go:52.2,53.39 2 1
internship_project/controllers/productController.go:48.16,51.3 2 1
internship_project/controllers/productController.go:56.92,64.16 5 1
internship_project/controllers/productController.go:68.2,69.42 2 1
internship_project/controllers/productController.go:64.16,67.3 2 1
internship_project/controllers/productController.go:73.92,79.16 4 1
internship_project/controllers/productController.go:83.2,83.20 1 1
internship_project/controllers/productController.go:79.16,82.3 2 1
