mode: set
internship_project/repositories/companyRepository.go:17.82,20.16 3 1
internship_project/repositories/companyRepository.go:24.2,24.18 1 1
internship_project/repositories/companyRepository.go:40.2,41.23 2 1
internship_project/repositories/companyRepository.go:20.16,22.3 1 0
internship_project/repositories/companyRepository.go:24.18,30.17 5 1
internship_project/repositories/companyRepository.go:34.3,38.5 1 1
internship_project/repositories/companyRepository.go:30.17,32.4 1 0
internship_project/repositories/companyRepository.go:44.84,48.16 3 1
internship_project/repositories/companyRepository.go:52.2,55.16 3 1
internship_project/repositories/companyRepository.go:59.2,59.18 1 1
internship_project/repositories/companyRepository.go:63.2,68.16 5 1
internship_project/repositories/companyRepository.go:72.2,78.21 2 1
internship_project/repositories/companyRepository.go:48.16,50.3 1 1
internship_project/repositories/companyRepository.go:55.16,57.3 1 1
internship_project/repositories/companyRepository.go:59.18,61.3 1 1
internship_project/repositories/companyRepository.go:68.16,70.3 1 0
internship_project/repositories/companyRepository.go:81.80,83.16 2 1
internship_project/repositories/companyRepository.go:86.2,96.16 6 1
internship_project/repositories/companyRepository.go:100.2,102.12 2 1
internship_project/repositories/companyRepository.go:83.16,85.3 1 0
internship_project/repositories/companyRepository.go:96.16,98.3 1 1
internship_project/repositories/companyRepository.go:105.82,107.16 2 1
internship_project/repositories/companyRepository.go:110.2,119.16 5 1
internship_project/repositories/companyRepository.go:122.2,122.21 1 1
internship_project/repositories/companyRepository.go:126.2,127.12 2 1
internship_project/repositories/companyRepository.go:107.16,109.3 1 0
internship_project/repositories/companyRepository.go:119.16,121.3 1 1
internship_project/repositories/companyRepository.go:122.21,124.3 1 1
internship_project/repositories/companyRepository.go:130.69,132.16 2 1
internship_project/repositories/companyRepository.go:135.2,141.16 5 1
internship_project/repositories/companyRepository.go:144.2,144.21 1 1
internship_project/repositories/companyRepository.go:147.2,147.12 1 1
internship_project/repositories/companyRepository.go:132.16,134.3 1 0
internship_project/repositories/companyRepository.go:141.16,143.3 1 1
internship_project/repositories/companyRepository.go:144.21,146.3 1 1
internship_project/repositories/companyRepository.go:150.80,152.16 2 1
internship_project/repositories/companyRepository.go:155.2,155.36 1 1
internship_project/repositories/companyRepository.go:158.2,158.12 1 1
internship_project/repositories/companyRepository.go:152.16,154.3 1 1
internship_project/repositories/companyRepository.go:155.36,157.3 1 1
internship_project/repositories/companyRepository.go:161.83,163.16 2 1
internship_project/repositories/companyRepository.go:166.2,166.36 1 1
internship_project/repositories/companyRepository.go:169.2,169.12 1 1
internship_project/repositories/companyRepository.go:163.16,165.3 1 1
internship_project/repositories/companyRepository.go:166.36,168.3 1 1
internship_project/repositories/employeeRepository.go:19.102,24.16 5 1
internship_project/repositories/employeeRepository.go:27.2,27.18 1 1
internship_project/repositories/employeeRepository.go:55.2,55.26 1 1
internship_project/repositories/employeeRepository.go:24.16,26.3 1 0
internship_project/repositories/employeeRepository.go:27.18,34.17 5 1
internship_project/repositories/employeeRepository.go:38.3,40.17 3 1
internship_project/repositories/employeeRepository.go:44.3,53.5 1 1
internship_project/repositories/employeeRepository.go:34.17,36.4 1 0
internship_project/repositories/employeeRepository.go:40.17,42.4 1 0
internship_project/repositories/employeeRepository.go:59.91,63.16 3 1
internship_project/repositories/employeeRepository.go:67.2,70.16 3 1
internship_project/repositories/employeeRepository.go:74.2,74.18 1 1
internship_project/repositories/employeeRepository.go:78.2,83.16 5 1
internship_project/repositories/employeeRepository.go:87.2,89.16 3 1
internship_project/repositories/employeeRepository.go:93.2,104.22 2 1
internship_project/repositories/employeeRepository.go:63.16,65.3 1 1
internship_project/repositories/employeeRepository.go:70.16,72.3 1 0
internship_project/repositories/employeeRepository.go:74.18,76.3 1 1
internship_project/repositories/employeeRepository.go:83.16,85.3 1 0
internship_project/repositories/employeeRepository.go:89.16,91.3 1 0
internship_project/repositories/employeeRepository.go:108.84,110.16 2 1
internship_project/repositories/employeeRepository.go:113.2,129.16 7 1
internship_project/repositories/employeeRepository.go:133.2,135.12 2 1
internship_project/repositories/employeeRepository.go:110.16,112.3 1 0
internship_project/repositories/employeeRepository.go:129.16,131.3 1 1
internship_project/repositories/employeeRepository.go:139.86,141.16 2 1
internship_project/repositories/employeeRepository.go:144.2,158.16 6 1
internship_project/repositories/employeeRepository.go:161.2,161.21 1 1
internship_project/repositories/employeeRepository.go:165.2,166.12 2 1
internship_project/repositories/employeeRepository.go:141.16,143.3 1 0
internship_project/repositories/employeeRepository.go:158.16,160.3 1 1
internship_project/repositories/employeeRepository.go:161.21,163.3 1 1
internship_project/repositories/employeeRepository.go:170.71,172.16 2 1
internship_project/repositories/employeeRepository.go:175.2,181.16 5 1
internship_project/repositories/employeeRepository.go:184.2,184.21 1 1
internship_project/repositories/employeeRepository.go:187.2,187.12 1 1
internship_project/repositories/employeeRepository.go:172.16,174.3 1 0
internship_project/repositories/employeeRepository.go:181.16,183.3 1 1
internship_project/repositories/employeeRepository.go:184.21,186.3 1 1
internship_project/repositories/employeeRepository.go:191.152,197.16 4 1
internship_project/repositories/employeeRepository.go:201.2,206.16 4 1
internship_project/repositories/employeeRepository.go:209.2,209.18 1 1
internship_project/repositories/employeeRepository.go:217.2,219.25 2 1
internship_project/repositories/employeeRepository.go:240.2,242.16 2 1
internship_project/repositories/employeeRepository.go:246.2,246.20 1 1
internship_project/repositories/employeeRepository.go:197.16,199.3 1 0
internship_project/repositories/employeeRepository.go:206.16,208.3 1 0
internship_project/repositories/employeeRepository.go:209.18,212.17 3 1
internship_project/repositories/employeeRepository.go:215.3,215.39 1 1
internship_project/repositories/employeeRepository.go:212.17,214.4 1 0
internship_project/repositories/employeeRepository.go:219.25,222.3 1 1
internship_project/repositories/employeeRepository.go:222.8,222.32 1 1
internship_project/repositories/employeeRepository.go:222.32,225.3 1 1
internship_project/repositories/employeeRepository.go:225.8,227.35 1 0
internship_project/repositories/employeeRepository.go:227.35,231.18 3 0
internship_project/repositories/employeeRepository.go:234.4,234.68 1 0
internship_project/repositories/employeeRepository.go:231.18,233.5 1 0
internship_project/repositories/employeeRepository.go:234.68,236.5 1 0
internship_project/repositories/employeeRepository.go:242.16,244.3 1 0
internship_project/repositories/employeeRepository.go:250.139,255.16 3 1
internship_project/repositories/employeeRepository.go:259.2,264.16 4 1
internship_project/repositories/employeeRepository.go:267.2,267.18 1 1
internship_project/repositories/employeeRepository.go:275.2,277.25 2 1
internship_project/repositories/employeeRepository.go:282.2,283.34 2 1
internship_project/repositories/employeeRepository.go:290.2,290.21 1 1
internship_project/repositories/employeeRepository.go:294.2,296.16 2 1
internship_project/repositories/employeeRepository.go:300.2,300.18 1 1
internship_project/repositories/employeeRepository.go:255.16,257.3 1 0
internship_project/repositories/employeeRepository.go:264.16,266.3 1 0
internship_project/repositories/employeeRepository.go:267.18,270.17 3 1
internship_project/repositories/employeeRepository.go:273.3,273.39 1 1
internship_project/repositories/employeeRepository.go:270.17,272.4 1 0
internship_project/repositories/employeeRepository.go:277.25,280.3 1 1
internship_project/repositories/employeeRepository.go:283.34,284.21 1 1
internship_project/repositories/employeeRepository.go:284.21,286.9 2 1
internship_project/repositories/employeeRepository.go:290.21,292.3 1 1
internship_project/repositories/employeeRepository.go:296.16,298.3 1 0
internship_project/repositories/employeeRepository.go:303.93,305.38 2 0
internship_project/repositories/employeeRepository.go:305.38,306.34 1 0
internship_project/repositories/employeeRepository.go:306.34,308.4 1 0
internship_project/repositories/employeeRepository.go:308.9,310.4 1 0
internship_project/repositories/employeeRepository.go:311.8,311.45 1 0
internship_project/repositories/employeeRepository.go:311.45,312.35 1 0
internship_project/repositories/employeeRepository.go:312.35,314.4 1 0
internship_project/repositories/employeeRepository.go:314.9,316.4 1 0
internship_project/repositories/employeeRepository.go:317.8,317.45 1 0
internship_project/repositories/employeeRepository.go:317.45,318.34 1 0
internship_project/repositories/employeeRepository.go:318.34,320.4 1 0
internship_project/repositories/employeeRepository.go:320.9,322.4 1 0
internship_project/repositories/employeeRepository.go:323.8,324.35 1 0
internship_project/repositories/employeeRepository.go:324.35,326.4 1 0
internship_project/repositories/employeeRepository.go:326.9,328.4 1 0
internship_project/repositories/productRepository.go:19.99,30.16 5 1
internship_project/repositories/productRepository.go:33.2,33.18 1 1
internship_project/repositories/productRepository.go:42.2,46.38 3 1
internship_project/repositories/productRepository.go:52.2,58.16 5 1
internship_project/repositories/productRepository.go:61.2,61.26 1 1
internship_project/repositories/productRepository.go:70.2,70.22 1 1
internship_project/repositories/productRepository.go:30.16,32.3 1 0
internship_project/repositories/productRepository.go:33.18,36.17 3 0
internship_project/repositories/productRepository.go:39.3,39.57 1 0
internship_project/repositories/productRepository.go:36.17,38.4 1 0
internship_project/repositories/productRepository.go:46.38,48.49 2 0
internship_project/repositories/productRepository.go:48.49,50.4 1 0
internship_project/repositories/productRepository.go:58.16,60.3 1 0
internship_project/repositories/productRepository.go:61.26,64.17 3 1
internship_project/repositories/productRepository.go:67.3,67.39 1 1
internship_project/repositories/productRepository.go:64.17,66.4 1 0
internship_project/repositories/productRepository.go:73.84,77.16 3 1
internship_project/repositories/productRepository.go:81.2,84.16 3 1
internship_project/repositories/productRepository.go:88.2,88.18 1 1
internship_project/repositories/productRepository.go:92.2,97.16 5 1
internship_project/repositories/productRepository.go:101.2,103.16 3 1
internship_project/repositories/productRepository.go:107.2,115.21 2 1
internship_project/repositories/productRepository.go:77.16,79.3 1 1
internship_project/repositories/productRepository.go:84.16,86.3 1 0
internship_project/repositories/productRepository.go:88.18,90.3 1 1
internship_project/repositories/productRepository.go:97.16,99.3 1 0
internship_project/repositories/productRepository.go:103.16,105.3 1 0
internship_project/repositories/productRepository.go:118.80,120.16 2 1
internship_project/repositories/productRepository.go:123.2,136.16 7 1
internship_project/repositories/productRepository.go:140.2,142.12 2 1
internship_project/repositories/productRepository.go:120.16,122.3 1 0
internship_project/repositories/productRepository.go:136.16,138.3 1 1
internship_project/repositories/productRepository.go:145.82,147.16 2 1
internship_project/repositories/productRepository.go:150.2,161.16 6 1
internship_project/repositories/productRepository.go:164.2,164.21 1 1
internship_project/repositories/productRepository.go:168.2,169.12 2 1
internship_project/repositories/productRepository.go:147.16,149.3 1 0
internship_project/repositories/productRepository.go:161.16,163.3 1 1
internship_project/repositories/productRepository.go:164.21,166.3 1 1
internship_project/repositories/productRepository.go:172.69,174.16 2 1
internship_project/repositories/productRepository.go:177.2,183.16 5 1
internship_project/repositories/productRepository.go:186.2,186.21 1 1
internship_project/repositories/productRepository.go:189.2,189.12 1 1
internship_project/repositories/productRepository.go:174.16,176.3 1 0
internship_project/repositories/productRepository.go:183.16,185.3 1 1
internship_project/repositories/productRepository.go:186.21,188.3 1 1
